<?xml version="1.0" encoding="UTF-8"?>
<coverage generated="1757354001722" clover="3.2.0">
  <project timestamp="1757354001722" name="All files">
    <metrics statements="9" coveredstatements="8" conditionals="0" coveredconditionals="0" methods="8" coveredmethods="8" elements="17" coveredelements="16" complexity="0" loc="9" ncloc="9" packages="3" files="9" classes="9"/>
    <package name="src">
      <metrics statements="2" coveredstatements="1" conditionals="0" coveredconditionals="0" methods="1" coveredmethods="1"/>
      <file name="App.jsx" path="/home/nutarzz/ai-env/HeliosHash-DAO/src/App.jsx">
        <metrics statements="1" coveredstatements="1" conditionals="0" coveredconditionals="0" methods="1" coveredmethods="1"/>
        <line num="12" count="7" type="stmt"/>
      </file>
      <file name="main.jsx" path="/home/nutarzz/ai-env/HeliosHash-DAO/src/main.jsx">
        <metrics statements="1" coveredstatements="0" conditionals="0" coveredconditionals="0" methods="0" coveredmethods="0"/>
        <line num="6" count="0" type="stmt"/>
      </file>
    </package>
    <package name="src.components">
      <metrics statements="1" coveredstatements="1" conditionals="0" coveredconditionals="0" methods="1" coveredmethods="1"/>
      <file name="Navbar.jsx" path="/home/nutarzz/ai-env/HeliosHash-DAO/src/components/Navbar.jsx">
        <metrics statements="1" coveredstatements="1" conditionals="0" coveredconditionals="0" methods="1" coveredmethods="1"/>
        <line num="5" count="7" type="stmt"/>
      </file>
    </package>
    <package name="src.pages">
      <metrics statements="6" coveredstatements="6" conditionals="0" coveredconditionals="0" methods="6" coveredmethods="6"/>
      <file name="Dashboard.jsx" path="/home/nutarzz/ai-env/HeliosHash-DAO/src/pages/Dashboard.jsx">
        <metrics statements="1" coveredstatements="1" conditionals="0" coveredconditionals="0" methods="1" coveredmethods="1"/>
        <line num="4" count="1" type="stmt"/>
      </file>
      <file name="KYC.jsx" path="/home/nutarzz/ai-env/HeliosHash-DAO/src/pages/KYC.jsx">
        <metrics statements="1" coveredstatements="1" conditionals="0" coveredconditionals="0" methods="1" coveredmethods="1"/>
        <line num="4" count="1" type="stmt"/>
      </file>
      <file name="LandingPage.jsx" path="/home/nutarzz/ai-env/HeliosHash-DAO/src/pages/LandingPage.jsx">
        <metrics statements="1" coveredstatements="1" conditionals="0" coveredconditionals="0" methods="1" coveredmethods="1"/>
        <line num="4" count="2" type="stmt"/>
      </file>
      <file name="NFT.jsx" path="/home/nutarzz/ai-env/HeliosHash-DAO/src/pages/NFT.jsx">
        <metrics statements="1" coveredstatements="1" conditionals="0" coveredconditionals="0" methods="1" coveredmethods="1"/>
        <line num="4" count="1" type="stmt"/>
      </file>
      <file name="Payments.jsx" path="/home/nutarzz/ai-env/HeliosHash-DAO/src/pages/Payments.jsx">
        <metrics statements="1" coveredstatements="1" conditionals="0" coveredconditionals="0" methods="1" coveredmethods="1"/>
        <line num="4" count="1" type="stmt"/>
      </file>
      <file name="Stake.jsx" path="/home/nutarzz/ai-env/HeliosHash-DAO/src/pages/Stake.jsx">
        <metrics statements="1" coveredstatements="1" conditionals="0" coveredconditionals="0" methods="1" coveredmethods="1"/>
        <line num="4" count="1" type="stmt"/>
      </file>
    </package>
  </project>
</coverage>
