{"/home/nutarzz/ai-env/HeliosHash-DAO/src/App.jsx": {"path":"/home/nutarzz/ai-env/HeliosHash-DAO/src/App.jsx","statementMap":{"0":{"start":{"line":12,"column":2},"end":{"line":29,"column":4}}},"fnMap":{"0":{"name":"App","decl":{"start":{"line":11,"column":9},"end":{"line":11,"column":12}},"loc":{"start":{"line":11,"column":15},"end":{"line":30,"column":1}},"line":11}},"branchMap":{},"s":{"0":7},"f":{"0":7},"b":{},"_coverageSchema":"1a1c01bbd47fc00a2c39e90264f33305004495a9","hash":"b3798af9d1dcb0db77e551bd0fb05e76664c5ca4"}
,"/home/nutarzz/ai-env/HeliosHash-DAO/src/main.jsx": {"path":"/home/nutarzz/ai-env/HeliosHash-DAO/src/main.jsx","statementMap":{"0":{"start":{"line":6,"column":0},"end":{"line":10,"column":2}}},"fnMap":{},"branchMap":{},"s":{"0":0},"f":{},"b":{}}
,"/home/nutarzz/ai-env/HeliosHash-DAO/src/components/Navbar.jsx": {"path":"/home/nutarzz/ai-env/HeliosHash-DAO/src/components/Navbar.jsx","statementMap":{"0":{"start":{"line":5,"column":2},"end":{"line":18,"column":4}}},"fnMap":{"0":{"name":"Navbar","decl":{"start":{"line":4,"column":9},"end":{"line":4,"column":15}},"loc":{"start":{"line":4,"column":18},"end":{"line":19,"column":1}},"line":4}},"branchMap":{},"s":{"0":7},"f":{"0":7},"b":{},"_coverageSchema":"1a1c01bbd47fc00a2c39e90264f33305004495a9","hash":"21db1aa4d339646da4572bbe0bb57a1f37c99d5c"}
,"/home/nutarzz/ai-env/HeliosHash-DAO/src/pages/Dashboard.jsx": {"path":"/home/nutarzz/ai-env/HeliosHash-DAO/src/pages/Dashboard.jsx","statementMap":{"0":{"start":{"line":4,"column":2},"end":{"line":9,"column":4}}},"fnMap":{"0":{"name":"Dashboard","decl":{"start":{"line":3,"column":9},"end":{"line":3,"column":18}},"loc":{"start":{"line":3,"column":21},"end":{"line":10,"column":1}},"line":3}},"branchMap":{},"s":{"0":1},"f":{"0":1},"b":{},"_coverageSchema":"1a1c01bbd47fc00a2c39e90264f33305004495a9","hash":"f690fa3645dd762b6d3da5f1798951f09e9f5901"}
,"/home/nutarzz/ai-env/HeliosHash-DAO/src/pages/KYC.jsx": {"path":"/home/nutarzz/ai-env/HeliosHash-DAO/src/pages/KYC.jsx","statementMap":{"0":{"start":{"line":4,"column":2},"end":{"line":9,"column":4}}},"fnMap":{"0":{"name":"KYC","decl":{"start":{"line":3,"column":9},"end":{"line":3,"column":12}},"loc":{"start":{"line":3,"column":15},"end":{"line":10,"column":1}},"line":3}},"branchMap":{},"s":{"0":1},"f":{"0":1},"b":{},"_coverageSchema":"1a1c01bbd47fc00a2c39e90264f33305004495a9","hash":"e3ef5769215c849a21ba9e83ef30e228077847df"}
,"/home/nutarzz/ai-env/HeliosHash-DAO/src/pages/LandingPage.jsx": {"path":"/home/nutarzz/ai-env/HeliosHash-DAO/src/pages/LandingPage.jsx","statementMap":{"0":{"start":{"line":4,"column":2},"end":{"line":229,"column":4}}},"fnMap":{"0":{"name":"LandingPage","decl":{"start":{"line":3,"column":24},"end":{"line":3,"column":35}},"loc":{"start":{"line":3,"column":38},"end":{"line":230,"column":1}},"line":3}},"branchMap":{},"s":{"0":2},"f":{"0":2},"b":{},"_coverageSchema":"1a1c01bbd47fc00a2c39e90264f33305004495a9","hash":"2b0dbb4a7c73f2a51a98d0deda092e1131812559"}
,"/home/nutarzz/ai-env/HeliosHash-DAO/src/pages/NFT.jsx": {"path":"/home/nutarzz/ai-env/HeliosHash-DAO/src/pages/NFT.jsx","statementMap":{"0":{"start":{"line":4,"column":2},"end":{"line":9,"column":4}}},"fnMap":{"0":{"name":"NFT","decl":{"start":{"line":3,"column":9},"end":{"line":3,"column":12}},"loc":{"start":{"line":3,"column":15},"end":{"line":10,"column":1}},"line":3}},"branchMap":{},"s":{"0":1},"f":{"0":1},"b":{},"_coverageSchema":"1a1c01bbd47fc00a2c39e90264f33305004495a9","hash":"0a19c55e3b8e1f32e23faa2d54bb6e1d3b94d728"}
,"/home/nutarzz/ai-env/HeliosHash-DAO/src/pages/Payments.jsx": {"path":"/home/nutarzz/ai-env/HeliosHash-DAO/src/pages/Payments.jsx","statementMap":{"0":{"start":{"line":4,"column":2},"end":{"line":9,"column":4}}},"fnMap":{"0":{"name":"Payments","decl":{"start":{"line":3,"column":9},"end":{"line":3,"column":17}},"loc":{"start":{"line":3,"column":20},"end":{"line":10,"column":1}},"line":3}},"branchMap":{},"s":{"0":1},"f":{"0":1},"b":{},"_coverageSchema":"1a1c01bbd47fc00a2c39e90264f33305004495a9","hash":"f3556790144680e5cce02512c3860f39dd8fe4ec"}
,"/home/nutarzz/ai-env/HeliosHash-DAO/src/pages/Stake.jsx": {"path":"/home/nutarzz/ai-env/HeliosHash-DAO/src/pages/Stake.jsx","statementMap":{"0":{"start":{"line":4,"column":2},"end":{"line":9,"column":4}}},"fnMap":{"0":{"name":"Stake","decl":{"start":{"line":3,"column":9},"end":{"line":3,"column":14}},"loc":{"start":{"line":3,"column":17},"end":{"line":10,"column":1}},"line":3}},"branchMap":{},"s":{"0":1},"f":{"0":1},"b":{},"_coverageSchema":"1a1c01bbd47fc00a2c39e90264f33305004495a9","hash":"882e6dd87f17c1d8512d1a93c0c29f66039883ac"}
}
