TN:
SF:src/App.jsx
FN:11,App
FNF:1
FNH:1
FNDA:7,App
DA:12,7
LF:1
LH:1
BRF:0
BRH:0
end_of_record
TN:
SF:src/main.jsx
FNF:0
FNH:0
DA:6,0
LF:1
LH:0
BRF:0
BRH:0
end_of_record
TN:
SF:src/components/Navbar.jsx
FN:4,Navbar
FNF:1
FNH:1
FNDA:7,Navbar
DA:5,7
LF:1
LH:1
BRF:0
BRH:0
end_of_record
TN:
SF:src/pages/Dashboard.jsx
FN:3,Dashboard
FNF:1
FNH:1
FNDA:1,Dashboard
DA:4,1
LF:1
LH:1
BRF:0
BRH:0
end_of_record
TN:
SF:src/pages/KYC.jsx
FN:3,KYC
FNF:1
FNH:1
FNDA:1,KYC
DA:4,1
LF:1
LH:1
BRF:0
BRH:0
end_of_record
TN:
SF:src/pages/LandingPage.jsx
FN:3,LandingPage
FNF:1
FNH:1
FNDA:2,LandingPage
DA:4,2
LF:1
LH:1
BRF:0
BRH:0
end_of_record
TN:
SF:src/pages/NFT.jsx
FN:3,NFT
FNF:1
FNH:1
FNDA:1,NFT
DA:4,1
LF:1
LH:1
BRF:0
BRH:0
end_of_record
TN:
SF:src/pages/Payments.jsx
FN:3,Payments
FNF:1
FNH:1
FNDA:1,Payments
DA:4,1
LF:1
LH:1
BRF:0
BRH:0
end_of_record
TN:
SF:src/pages/Stake.jsx
FN:3,Stake
FNF:1
FNH:1
FNDA:1,Stake
DA:4,1
LF:1
LH:1
BRF:0
BRH:0
end_of_record
